# JRE version: OpenJDK Runtime Environment (11.0.15) (build 11.0.15+0-b2043.56-9505619)
# Java VM: OpenJDK 64-Bit Server VM (11.0.15+0-b2043.56-9505619, mixed mode, tiered, compressed oops, g1 gc, windows-amd64)
Heap:
 garbage-first heap   total 212992K, used 129830K [0x0000000080000000, 0x0000000100000000)
  region size 1024K, 27 young (27648K), 4 survivors (4096K)
 Metaspace       used 118299K, capacity 121892K, committed 122160K, reserved 1155072K
  class space    used 15424K, capacity 16805K, committed 16844K, reserved 1048576K
GC Heap History (20 events):
Event: 34.367 GC heap before
{Heap before GC invocations=33 (full 0):
 garbage-first heap   total 177152K, used 132896K [0x0000000080000000, 0x0000000100000000)
  region size 1024K, 32 young (32768K), 3 survivors (3072K)
 Metaspace       used 92341K, capacity 94862K, committed 95024K, reserved 1132544K
  class space    used 11954K, capacity 12925K, committed 13004K, reserved 1048576K
}
Event: 34.376 GC heap after
{Heap after GC invocations=34 (full 0):
 garbage-first heap   total 177152K, used 106220K [0x0000000080000000, 0x0000000100000000)
  region size 1024K, 2 young (2048K), 2 survivors (2048K)
 Metaspace       used 92341K, capacity 94862K, committed 95024K, reserved 1132544K
  class space    used 11954K, capacity 12925K, committed 13004K, reserved 1048576K
}
Event: 35.012 GC heap before
{Heap before GC invocations=35 (full 0):
 garbage-first heap   total 177152K, used 124652K [0x0000000080000000, 0x0000000100000000)
  region size 1024K, 32 young (32768K), 2 survivors (2048K)
 Metaspace       used 92945K, capacity 95476K, committed 95664K, reserved 1132544K
  class space    used 12022K, capacity 13041K, committed 13132K, reserved 1048576K
}
Event: 35.021 GC heap after
{Heap after GC invocations=36 (full 0):
 garbage-first heap   total 177152K, used 98687K [0x0000000080000000, 0x0000000100000000)
  region size 1024K, 4 young (4096K), 4 survivors (4096K)
 Metaspace       used 92945K, capacity 95476K, committed 95664K, reserved 1132544K
  class space    used 12022K, capacity 13041K, committed 13132K, reserved 1048576K
}
Event: 35.217 GC heap before
{Heap before GC invocations=36 (full 0):
 garbage-first heap   total 177152K, used 101759K [0x0000000080000000, 0x0000000100000000)
  region size 1024K, 8 young (8192K), 4 survivors (4096K)
 Metaspace       used 93592K, capacity 96103K, committed 96176K, reserved 1132544K
  class space    used 12099K, capacity 13100K, committed 13132K, reserved 1048576K
}
Event: 35.228 GC heap after
{Heap after GC invocations=37 (full 0):
 garbage-first heap   total 177152K, used 92808K [0x0000000080000000, 0x0000000100000000)
  region size 1024K, 1 young (1024K), 1 survivors (1024K)
 Metaspace       used 93592K, capacity 96103K, committed 96176K, reserved 1132544K
  class space    used 12099K, capacity 13100K, committed 13132K, reserved 1048576K
}
Event: 35.725 GC heap before
{Heap before GC invocations=37 (full 0):
 garbage-first heap   total 177152K, used 127624K [0x0000000080000000, 0x0000000100000000)
  region size 1024K, 36 young (36864K), 1 survivors (1024K)
 Metaspace       used 94222K, capacity 96826K, committed 97072K, reserved 1132544K
  class space    used 12159K, capacity 13185K, committed 13260K, reserved 1048576K
}
Event: 35.733 GC heap after
{Heap after GC invocations=38 (full 0):
 garbage-first heap   total 177152K, used 94596K [0x0000000080000000, 0x0000000100000000)
  region size 1024K, 3 young (3072K), 3 survivors (3072K)
 Metaspace       used 94222K, capacity 96826K, committed 97072K, reserved 1132544K
  class space    used 12159K, capacity 13185K, committed 13260K, reserved 1048576K
}
Event: 36.116 GC heap before
{Heap before GC invocations=39 (full 0):
 garbage-first heap   total 177152K, used 131460K [0x0000000080000000, 0x0000000100000000)
  region size 1024K, 40 young (40960K), 3 survivors (3072K)
 Metaspace       used 95018K, capacity 97608K, committed 97712K, reserved 1134592K
  class space    used 12267K, capacity 13314K, committed 13388K, reserved 1048576K
}
Event: 36.126 GC heap after
{Heap after GC invocations=40 (full 0):
 garbage-first heap   total 177152K, used 96311K [0x0000000080000000, 0x0000000100000000)
  region size 1024K, 5 young (5120K), 5 survivors (5120K)
 Metaspace       used 95018K, capacity 97608K, committed 97712K, reserved 1134592K
  class space    used 12267K, capacity 13314K, committed 13388K, reserved 1048576K
}
Event: 36.158 GC heap before
{Heap before GC invocations=40 (full 0):
 garbage-first heap   total 177152K, used 98359K [0x0000000080000000, 0x0000000100000000)
  region size 1024K, 8 young (8192K), 5 survivors (5120K)
 Metaspace       used 95065K, capacity 97672K, committed 97968K, reserved 1134592K
  class space    used 12272K, capacity 13314K, committed 13388K, reserved 1048576K
}
Event: 36.167 GC heap after
{Heap after GC invocations=41 (full 0):
 garbage-first heap   total 212992K, used 95252K [0x0000000080000000, 0x0000000100000000)
  region size 1024K, 1 young (1024K), 1 survivors (1024K)
 Metaspace       used 95065K, capacity 97672K, committed 97968K, reserved 1134592K
  class space    used 12272K, capacity 13314K, committed 13388K, reserved 1048576K
}
Event: 36.842 GC heap before
{Heap before GC invocations=41 (full 0):
 garbage-first heap   total 212992K, used 148500K [0x0000000080000000, 0x0000000100000000)
  region size 1024K, 54 young (55296K), 1 survivors (1024K)
 Metaspace       used 96868K, capacity 99452K, committed 99760K, reserved 1136640K
  class space    used 12505K, capacity 13542K, committed 13644K, reserved 1048576K
}
Event: 36.847 GC heap after
{Heap after GC invocations=42 (full 0):
 garbage-first heap   total 212992K, used 96672K [0x0000000080000000, 0x0000000100000000)
  region size 1024K, 3 young (3072K), 3 survivors (3072K)
 Metaspace       used 96868K, capacity 99452K, committed 99760K, reserved 1136640K
  class space    used 12505K, capacity 13542K, committed 13644K, reserved 1048576K
}
Event: 43.662 GC heap before
{Heap before GC invocations=42 (full 0):
 garbage-first heap   total 212992K, used 152992K [0x0000000080000000, 0x0000000100000000)
  region size 1024K, 59 young (60416K), 3 survivors (3072K)
 Metaspace       used 98679K, capacity 101355K, committed 101424K, reserved 1136640K
  class space    used 12687K, capacity 13728K, committed 13772K, reserved 1048576K
}
Event: 43.671 GC heap after
{Heap after GC invocations=43 (full 0):
 garbage-first heap   total 212992K, used 99438K [0x0000000080000000, 0x0000000100000000)
  region size 1024K, 5 young (5120K), 5 survivors (5120K)
 Metaspace       used 98679K, capacity 101355K, committed 101424K, reserved 1136640K
  class space    used 12687K, capacity 13728K, committed 13772K, reserved 1048576K
}
Event: 45.552 GC heap before
{Heap before GC invocations=43 (full 0):
 garbage-first heap   total 212992K, used 149614K [0x0000000080000000, 0x0000000100000000)
  region size 1024K, 56 young (57344K), 5 survivors (5120K)
 Metaspace       used 105225K, capacity 108147K, committed 108208K, reserved 1142784K
  class space    used 13528K, capacity 14608K, committed 14668K, reserved 1048576K
}
Event: 45.596 GC heap after
{Heap after GC invocations=44 (full 0):
 garbage-first heap   total 212992K, used 104502K [0x0000000080000000, 0x0000000100000000)
  region size 1024K, 8 young (8192K), 8 survivors (8192K)
 Metaspace       used 105225K, capacity 108147K, committed 108208K, reserved 1142784K
  class space    used 13528K, capacity 14608K, committed 14668K, reserved 1048576K
}
Event: 48.661 GC heap before
{Heap before GC invocations=45 (full 0):
 garbage-first heap   total 212992K, used 162870K [0x0000000080000000, 0x0000000100000000)
  region size 1024K, 64 young (65536K), 8 survivors (8192K)
 Metaspace       used 112225K, capacity 115373K, committed 115632K, reserved 1148928K
  class space    used 14467K, capacity 15668K, committed 15692K, reserved 1048576K
}
Event: 48.679 GC heap after
{Heap after GC invocations=46 (full 0):
 garbage-first heap   total 212992K, used 108326K [0x0000000080000000, 0x0000000100000000)
  region size 1024K, 4 young (4096K), 4 survivors (4096K)
 Metaspace       used 112225K, capacity 115373K, committed 115632K, reserved 1148928K
  class space    used 14467K, capacity 15668K, committed 15692K, reserved 1048576K
}

