# JRE version: OpenJDK Runtime Environment (11.0.15) (build 11.0.15+0-b2043.56-9505619)
# Java VM: OpenJDK 64-Bit Server VM (11.0.15+0-b2043.56-9505619, mixed mode, tiered, compressed oops, g1 gc, windows-amd64)
Heap:
 garbage-first heap   total 212992K, used 149767K [0x0000000080000000, 0x0000000100000000)
  region size 1024K, 7 young (7168K), 5 survivors (5120K)
 Metaspace       used 93232K, capacity 95956K, committed 96176K, reserved 1132544K
  class space    used 11985K, capacity 13013K, committed 13132K, reserved 1048576K
GC Heap History (20 events):
Event: 22.116 GC heap before
{Heap before GC invocations=33 (full 0):
 garbage-first heap   total 177152K, used 131530K [0x0000000080000000, 0x0000000100000000)
  region size 1024K, 47 young (48128K), 3 survivors (3072K)
 Metaspace       used 85214K, capacity 87822K, committed 88112K, reserved 1126400K
  class space    used 11205K, capacity 12174K, committed 12236K, reserved 1048576K
}
Event: 22.126 GC heap after
{Heap after GC invocations=34 (full 0):
 garbage-first heap   total 177152K, used 90333K [0x0000000080000000, 0x0000000100000000)
  region size 1024K, 6 young (6144K), 6 survivors (6144K)
 Metaspace       used 85214K, capacity 87822K, committed 88112K, reserved 1126400K
  class space    used 11205K, capacity 12174K, committed 12236K, reserved 1048576K
}
Event: 22.790 GC heap before
{Heap before GC invocations=35 (full 0):
 garbage-first heap   total 177152K, used 134365K [0x0000000080000000, 0x0000000100000000)
  region size 1024K, 50 young (51200K), 6 survivors (6144K)
 Metaspace       used 85208K, capacity 87801K, committed 88368K, reserved 1126400K
  class space    used 11154K, capacity 12084K, committed 12236K, reserved 1048576K
}
Event: 22.799 GC heap after
{Heap after GC invocations=36 (full 0):
 garbage-first heap   total 177152K, used 93248K [0x0000000080000000, 0x0000000100000000)
  region size 1024K, 6 young (6144K), 6 survivors (6144K)
 Metaspace       used 85208K, capacity 87801K, committed 88368K, reserved 1126400K
  class space    used 11154K, capacity 12084K, committed 12236K, reserved 1048576K
}
Event: 23.274 GC heap before
{Heap before GC invocations=36 (full 0):
 garbage-first heap   total 177152K, used 138304K [0x0000000080000000, 0x0000000100000000)
  region size 1024K, 51 young (52224K), 6 survivors (6144K)
 Metaspace       used 85280K, capacity 87811K, committed 88368K, reserved 1126400K
  class space    used 11157K, capacity 12085K, committed 12236K, reserved 1048576K
}
Event: 23.285 GC heap after
{Heap after GC invocations=37 (full 0):
 garbage-first heap   total 177152K, used 96416K [0x0000000080000000, 0x0000000100000000)
  region size 1024K, 7 young (7168K), 7 survivors (7168K)
 Metaspace       used 85280K, capacity 87811K, committed 88368K, reserved 1126400K
  class space    used 11157K, capacity 12085K, committed 12236K, reserved 1048576K
}
Event: 23.981 GC heap before
{Heap before GC invocations=38 (full 0):
 garbage-first heap   total 177152K, used 140448K [0x0000000080000000, 0x0000000100000000)
  region size 1024K, 51 young (52224K), 7 survivors (7168K)
 Metaspace       used 85328K, capacity 87826K, committed 88368K, reserved 1126400K
  class space    used 11159K, capacity 12087K, committed 12236K, reserved 1048576K
}
Event: 23.990 GC heap after
{Heap after GC invocations=39 (full 0):
 garbage-first heap   total 177152K, used 98369K [0x0000000080000000, 0x0000000100000000)
  region size 1024K, 6 young (6144K), 6 survivors (6144K)
 Metaspace       used 85328K, capacity 87826K, committed 88368K, reserved 1126400K
  class space    used 11159K, capacity 12087K, committed 12236K, reserved 1048576K
}
Event: 94.261 GC heap before
{Heap before GC invocations=39 (full 0):
 garbage-first heap   total 177152K, used 143425K [0x0000000080000000, 0x0000000100000000)
  region size 1024K, 51 young (52224K), 6 survivors (6144K)
 Metaspace       used 86440K, capacity 89036K, committed 89264K, reserved 1126400K
  class space    used 11293K, capacity 12270K, committed 12364K, reserved 1048576K
}
Event: 94.271 GC heap after
{Heap after GC invocations=40 (full 0):
 garbage-first heap   total 212992K, used 100328K [0x0000000080000000, 0x0000000100000000)
  region size 1024K, 5 young (5120K), 5 survivors (5120K)
 Metaspace       used 86440K, capacity 89036K, committed 89264K, reserved 1126400K
  class space    used 11293K, capacity 12270K, committed 12364K, reserved 1048576K
}
Event: 818.044 GC heap before
{Heap before GC invocations=41 (full 0):
 garbage-first heap   total 212992K, used 163816K [0x0000000080000000, 0x0000000100000000)
  region size 1024K, 68 young (69632K), 5 survivors (5120K)
 Metaspace       used 87384K, capacity 90071K, committed 90288K, reserved 1128448K
  class space    used 11314K, capacity 12306K, committed 12364K, reserved 1048576K
}
Event: 818.124 GC heap after
{Heap after GC invocations=42 (full 0):
 garbage-first heap   total 212992K, used 106152K [0x0000000080000000, 0x0000000100000000)
  region size 1024K, 9 young (9216K), 9 survivors (9216K)
 Metaspace       used 87384K, capacity 90071K, committed 90288K, reserved 1128448K
  class space    used 11314K, capacity 12306K, committed 12364K, reserved 1048576K
}
Event: 818.505 GC heap before
{Heap before GC invocations=42 (full 0):
 garbage-first heap   total 212992K, used 116392K [0x0000000080000000, 0x0000000100000000)
  region size 1024K, 21 young (21504K), 9 survivors (9216K)
 Metaspace       used 88317K, capacity 90934K, committed 91184K, reserved 1128448K
  class space    used 11371K, capacity 12379K, committed 12492K, reserved 1048576K
}
Event: 818.554 GC heap after
{Heap after GC invocations=43 (full 0):
 garbage-first heap   total 212992K, used 107798K [0x0000000080000000, 0x0000000100000000)
  region size 1024K, 2 young (2048K), 2 survivors (2048K)
 Metaspace       used 88317K, capacity 90934K, committed 91184K, reserved 1128448K
  class space    used 11371K, capacity 12379K, committed 12492K, reserved 1048576K
}
Event: 819.834 GC heap before
{Heap before GC invocations=44 (full 0):
 garbage-first heap   total 212992K, used 151830K [0x0000000080000000, 0x0000000100000000)
  region size 1024K, 44 young (45056K), 2 survivors (2048K)
 Metaspace       used 90897K, capacity 93587K, committed 93744K, reserved 1130496K
  class space    used 11693K, capacity 12694K, committed 12748K, reserved 1048576K
}
Event: 819.862 GC heap after
{Heap after GC invocations=45 (full 0):
 garbage-first heap   total 212992K, used 124783K [0x0000000080000000, 0x0000000100000000)
  region size 1024K, 6 young (6144K), 6 survivors (6144K)
 Metaspace       used 90897K, capacity 93587K, committed 93744K, reserved 1130496K
  class space    used 11693K, capacity 12694K, committed 12748K, reserved 1048576K
}
Event: 819.928 GC heap before
{Heap before GC invocations=45 (full 0):
 garbage-first heap   total 212992K, used 127855K [0x0000000080000000, 0x0000000100000000)
  region size 1024K, 10 young (10240K), 6 survivors (6144K)
 Metaspace       used 90988K, capacity 93683K, committed 93744K, reserved 1130496K
  class space    used 11704K, capacity 12726K, committed 12748K, reserved 1048576K
}
Event: 819.950 GC heap after
{Heap after GC invocations=46 (full 0):
 garbage-first heap   total 212992K, used 122110K [0x0000000080000000, 0x0000000100000000)
  region size 1024K, 2 young (2048K), 2 survivors (2048K)
 Metaspace       used 90988K, capacity 93683K, committed 93744K, reserved 1130496K
  class space    used 11704K, capacity 12726K, committed 12748K, reserved 1048576K
}
Event: 820.575 GC heap before
{Heap before GC invocations=46 (full 0):
 garbage-first heap   total 212992K, used 142590K [0x0000000080000000, 0x0000000100000000)
  region size 1024K, 24 young (24576K), 2 survivors (2048K)
 Metaspace       used 93232K, capacity 95956K, committed 96176K, reserved 1132544K
  class space    used 11985K, capacity 13013K, committed 13132K, reserved 1048576K
}
Event: 820.590 GC heap after
{Heap after GC invocations=47 (full 0):
 garbage-first heap   total 212992K, used 131335K [0x0000000080000000, 0x0000000100000000)
  region size 1024K, 5 young (5120K), 5 survivors (5120K)
 Metaspace       used 93232K, capacity 95956K, committed 96176K, reserved 1132544K
  class space    used 11985K, capacity 13013K, committed 13132K, reserved 1048576K
}

