# JRE version: OpenJDK Runtime Environment (11.0.15) (build 11.0.15+0-b2043.56-9505619)
# Java VM: OpenJDK 64-Bit Server VM (11.0.15+0-b2043.56-9505619, mixed mode, tiered, compressed oops, g1 gc, windows-amd64)
Heap:
 garbage-first heap   total 122880K, used 90683K [0x00000006e0000000, 0x0000000800000000)
  region size 1024K, 61 young (62464K), 6 survivors (6144K)
 Metaspace       used 53577K, capacity 55013K, committed 55216K, reserved 1097728K
  class space    used 6789K, capacity 7335K, committed 7424K, reserved 1048576K
GC Heap History (18 events):
Event: 1.888 GC heap before
{Heap before GC invocations=0 (full 0):
 garbage-first heap   total 122880K, used 29696K [0x00000006e0000000, 0x0000000800000000)
  region size 1024K, 24 young (24576K), 0 survivors (0K)
 Metaspace       used 9792K, capacity 10024K, committed 10112K, reserved 1058816K
  class space    used 998K, capacity 1069K, committed 1152K, reserved 1048576K
}
Event: 1.911 GC heap after
{Heap after GC invocations=1 (full 0):
 garbage-first heap   total 122880K, used 9425K [0x00000006e0000000, 0x0000000800000000)
  region size 1024K, 3 young (3072K), 3 survivors (3072K)
 Metaspace       used 9792K, capacity 10024K, committed 10112K, reserved 1058816K
  class space    used 998K, capacity 1069K, committed 1152K, reserved 1048576K
}
Event: 18.335 GC heap before
{Heap before GC invocations=1 (full 0):
 garbage-first heap   total 122880K, used 81105K [0x00000006e0000000, 0x0000000800000000)
  region size 1024K, 72 young (73728K), 3 survivors (3072K)
 Metaspace       used 17845K, capacity 18167K, committed 18432K, reserved 1064960K
  class space    used 2064K, capacity 2209K, committed 2304K, reserved 1048576K
}
Event: 18.354 GC heap after
{Heap after GC invocations=2 (full 0):
 garbage-first heap   total 122880K, used 16436K [0x00000006e0000000, 0x0000000800000000)
  region size 1024K, 9 young (9216K), 9 survivors (9216K)
 Metaspace       used 17845K, capacity 18167K, committed 18432K, reserved 1064960K
  class space    used 2064K, capacity 2209K, committed 2304K, reserved 1048576K
}
Event: 19.513 GC heap before
{Heap before GC invocations=2 (full 0):
 garbage-first heap   total 122880K, used 44084K [0x00000006e0000000, 0x0000000800000000)
  region size 1024K, 37 young (37888K), 9 survivors (9216K)
 Metaspace       used 20837K, capacity 21153K, committed 21296K, reserved 1069056K
  class space    used 2515K, capacity 2651K, committed 2688K, reserved 1048576K
}
Event: 19.525 GC heap after
{Heap after GC invocations=3 (full 0):
 garbage-first heap   total 122880K, used 17651K [0x00000006e0000000, 0x0000000800000000)
  region size 1024K, 2 young (2048K), 2 survivors (2048K)
 Metaspace       used 20837K, capacity 21153K, committed 21296K, reserved 1069056K
  class space    used 2515K, capacity 2651K, committed 2688K, reserved 1048576K
}
Event: 21.308 GC heap before
{Heap before GC invocations=4 (full 0):
 garbage-first heap   total 122880K, used 65779K [0x00000006e0000000, 0x0000000800000000)
  region size 1024K, 49 young (50176K), 2 survivors (2048K)
 Metaspace       used 25870K, capacity 26496K, committed 26544K, reserved 1073152K
  class space    used 3323K, capacity 3547K, committed 3584K, reserved 1048576K
}
Event: 21.313 GC heap after
{Heap after GC invocations=5 (full 0):
 garbage-first heap   total 122880K, used 19186K [0x00000006e0000000, 0x0000000800000000)
  region size 1024K, 3 young (3072K), 3 survivors (3072K)
 Metaspace       used 25870K, capacity 26496K, committed 26544K, reserved 1073152K
  class space    used 3323K, capacity 3547K, committed 3584K, reserved 1048576K
}
Event: 23.178 GC heap before
{Heap before GC invocations=5 (full 0):
 garbage-first heap   total 122880K, used 73458K [0x00000006e0000000, 0x0000000800000000)
  region size 1024K, 56 young (57344K), 3 survivors (3072K)
 Metaspace       used 30923K, capacity 31650K, committed 31792K, reserved 1077248K
  class space    used 4115K, capacity 4420K, committed 4480K, reserved 1048576K
}
Event: 23.189 GC heap after
{Heap after GC invocations=6 (full 0):
 garbage-first heap   total 122880K, used 20710K [0x00000006e0000000, 0x0000000800000000)
  region size 1024K, 5 young (5120K), 5 survivors (5120K)
 Metaspace       used 30923K, capacity 31650K, committed 31792K, reserved 1077248K
  class space    used 4115K, capacity 4420K, committed 4480K, reserved 1048576K
}
Event: 24.030 GC heap before
{Heap before GC invocations=6 (full 0):
 garbage-first heap   total 122880K, used 39142K [0x00000006e0000000, 0x0000000800000000)
  region size 1024K, 24 young (24576K), 5 survivors (5120K)
 Metaspace       used 34875K, capacity 35727K, committed 35888K, reserved 1081344K
  class space    used 4545K, capacity 4883K, committed 4992K, reserved 1048576K
}
Event: 24.042 GC heap after
{Heap after GC invocations=7 (full 0):
 garbage-first heap   total 122880K, used 22585K [0x00000006e0000000, 0x0000000800000000)
  region size 1024K, 6 young (6144K), 6 survivors (6144K)
 Metaspace       used 34875K, capacity 35727K, committed 35888K, reserved 1081344K
  class space    used 4545K, capacity 4883K, committed 4992K, reserved 1048576K
}
Event: 26.247 GC heap before
{Heap before GC invocations=8 (full 0):
 garbage-first heap   total 122880K, used 81977K [0x00000006e0000000, 0x0000000800000000)
  region size 1024K, 62 young (63488K), 6 survivors (6144K)
 Metaspace       used 40746K, capacity 41743K, committed 41904K, reserved 1085440K
  class space    used 5134K, capacity 5520K, committed 5632K, reserved 1048576K
}
Event: 26.267 GC heap after
{Heap after GC invocations=9 (full 0):
 garbage-first heap   total 122880K, used 28120K [0x00000006e0000000, 0x0000000800000000)
  region size 1024K, 8 young (8192K), 8 survivors (8192K)
 Metaspace       used 40746K, capacity 41743K, committed 41904K, reserved 1085440K
  class space    used 5134K, capacity 5520K, committed 5632K, reserved 1048576K
}
Event: 28.169 GC heap before
{Heap before GC invocations=9 (full 0):
 garbage-first heap   total 122880K, used 84440K [0x00000006e0000000, 0x0000000800000000)
  region size 1024K, 63 young (64512K), 8 survivors (8192K)
 Metaspace       used 45672K, capacity 46719K, committed 46896K, reserved 1089536K
  class space    used 5786K, capacity 6184K, committed 6272K, reserved 1048576K
}
Event: 28.185 GC heap after
{Heap after GC invocations=10 (full 0):
 garbage-first heap   total 122880K, used 31630K [0x00000006e0000000, 0x0000000800000000)
  region size 1024K, 4 young (4096K), 4 survivors (4096K)
 Metaspace       used 45672K, capacity 46719K, committed 46896K, reserved 1089536K
  class space    used 5786K, capacity 6184K, committed 6272K, reserved 1048576K
}
Event: 30.533 GC heap before
{Heap before GC invocations=10 (full 0):
 garbage-first heap   total 122880K, used 87950K [0x00000006e0000000, 0x0000000800000000)
  region size 1024K, 59 young (60416K), 4 survivors (4096K)
 Metaspace       used 49326K, capacity 50578K, committed 50736K, reserved 1093632K
  class space    used 6264K, capacity 6749K, committed 6784K, reserved 1048576K
}
Event: 30.542 GC heap after
{Heap after GC invocations=11 (full 0):
 garbage-first heap   total 122880K, used 33339K [0x00000006e0000000, 0x0000000800000000)
  region size 1024K, 6 young (6144K), 6 survivors (6144K)
 Metaspace       used 49326K, capacity 50578K, committed 50736K, reserved 1093632K
  class space    used 6264K, capacity 6749K, committed 6784K, reserved 1048576K
}

